<?xml version="1.0" encoding="UTF-8"?>
<testsuite name="hexlet.code.NumberSchemaTest" tests="5" skipped="0" failures="0" errors="0" timestamp="2025-08-09T04:26:00" hostname="v4s1l-B550-AORUS-ELITE-AX-V2" time="0.011">
  <properties/>
  <testcase name="testDefaultIsValid()" classname="hexlet.code.NumberSchemaTest" time="0.002"/>
  <testcase name="testRange()" classname="hexlet.code.NumberSchemaTest" time="0.003"/>
  <testcase name="testRequiredAndPositive()" classname="hexlet.code.NumberSchemaTest" time="0.001"/>
  <testcase name="testRequired()" classname="hexlet.code.NumberSchemaTest" time="0.0"/>
  <testcase name="testPositive()" classname="hexlet.code.NumberSchemaTest" time="0.002"/>
  <system-out><![CDATA[]]></system-out>
  <system-err><![CDATA[]]></system-err>
</testsuite>
